Using pre-set license
Built from '2020.3/staging' branch; Version is '2020.3.21f1 (a38c86f6690f) revision 10718342'; Using compiler version '192528614'; Build Type 'Release'
OS: 'Windows 10 Pro; OS build 19043.1526; Version 2009; 64bit' Language: 'en' Physical Memory: 12237 MB
BatchMode: 1, IsHumanControllingUs: 0, StartBugReporterOnCrash: 0, Is64bit: 1, IsPro: 0

COMMAND LINE ARGUMENTS:
C:\Program Files\Unity\Hub\Editor\2020.3.21f1\Editor\Unity.exe
-adb2
-batchMode
-noUpm
-name
AssetImportWorker0
-projectPath
D:/Documents/Unity Projects/Mkadmi_SlideShow_MrZrigui_Deep_Learning
-logFile
Logs/AssetImportWorker0.log
-srvPort
62573
Successfully changed project path to: D:/Documents/Unity Projects/Mkadmi_SlideShow_MrZrigui_Deep_Learning
D:/Documents/Unity Projects/Mkadmi_SlideShow_MrZrigui_Deep_Learning
Using Asset Import Pipeline V2.
Refreshing native plugins compatible for Editor in 74.18 ms, found 3 plugins.
Preloading 0 native plugins for Editor in 0.00 ms.
Initialize engine version: 2020.3.21f1 (a38c86f6690f)
[Subsystems] Discovering subsystems at path C:/Program Files/Unity/Hub/Editor/2020.3.21f1/Editor/Data/Resources/UnitySubsystems
[Subsystems] Discovering subsystems at path D:/Documents/Unity Projects/Mkadmi_SlideShow_MrZrigui_Deep_Learning/Assets
GfxDevice: creating device client; threaded=0
Direct3D:
    Version:  Direct3D 11.0 [level 11.1]
    Renderer: Radeon RX550/550 Series (ID=0x699f)
    Vendor:   
    VRAM:     4076 MB
    Driver:   30.0.13037.1003
Initialize mono
Mono path[0] = 'C:/Program Files/Unity/Hub/Editor/2020.3.21f1/Editor/Data/Managed'
Mono path[1] = 'C:/Program Files/Unity/Hub/Editor/2020.3.21f1/Editor/Data/MonoBleedingEdge/lib/mono/unityjit'
Mono config path = 'C:/Program Files/Unity/Hub/Editor/2020.3.21f1/Editor/Data/MonoBleedingEdge/etc'
Using monoOptions --debugger-agent=transport=dt_socket,embedding=1,server=y,suspend=n,address=127.0.0.1:56064
Begin MonoManager ReloadAssembly
Registering precompiled unity dll's ...
Register platform support module: C:/Program Files/Unity/Hub/Editor/2020.3.21f1/Editor/Data/PlaybackEngines/WebGLSupport/UnityEditor.WebGL.Extensions.dll
Register platform support module: C:/Program Files/Unity/Hub/Editor/2020.3.21f1/Editor/Data/PlaybackEngines/WindowsStandaloneSupport/UnityEditor.WindowsStandalone.Extensions.dll
Registered in 0.003106 seconds.
Native extension for WindowsStandalone target not found
Native extension for WebGL target not found
Refreshing native plugins compatible for Editor in 78.88 ms, found 3 plugins.
Preloading 0 native plugins for Editor in 0.00 ms.
Mono: successfully reloaded assembly
- Completed reload, in  2.990 seconds
Domain Reload Profiling:
	ReloadAssembly (2990ms)
		BeginReloadAssembly (74ms)
			ExecutionOrderSort (0ms)
			DisableScriptedObjects (0ms)
			BackupInstance (0ms)
			ReleaseScriptingObjects (0ms)
			CreateAndSetChildDomain (1ms)
		EndReloadAssembly (625ms)
			LoadAssemblies (71ms)
			RebuildTransferFunctionScriptingTraits (0ms)
			SetupTypeCache (211ms)
			ReleaseScriptCaches (0ms)
			RebuildScriptCaches (44ms)
			SetupLoadedEditorAssemblies (244ms)
				LogAssemblyErrors (0ms)
				InitializePlatformSupportModulesInManaged (7ms)
				SetLoadedEditorAssemblies (0ms)
				RefreshPlugins (79ms)
				BeforeProcessingInitializeOnLoad (21ms)
				ProcessInitializeOnLoadAttributes (102ms)
				ProcessInitializeOnLoadMethodAttributes (35ms)
				AfterProcessingInitializeOnLoad (0ms)
				EditorAssembliesLoaded (0ms)
			ExecutionOrderSort2 (0ms)
			AwakeInstancesAfterBackupRestoration (0ms)
Platform modules already initialized, skipping
Registering precompiled user dll's ...
Registered in 0.004190 seconds.
Begin MonoManager ReloadAssembly
Native extension for WindowsStandalone target not found
Native extension for WebGL target not found
Refreshing native plugins compatible for Editor in 77.20 ms, found 3 plugins.
Preloading 0 native plugins for Editor in 0.00 ms.
Mono: successfully reloaded assembly
- Completed reload, in  1.581 seconds
Domain Reload Profiling:
	ReloadAssembly (1582ms)
		BeginReloadAssembly (213ms)
			ExecutionOrderSort (0ms)
			DisableScriptedObjects (6ms)
			BackupInstance (0ms)
			ReleaseScriptingObjects (0ms)
			CreateAndSetChildDomain (22ms)
		EndReloadAssembly (1287ms)
			LoadAssemblies (131ms)
			RebuildTransferFunctionScriptingTraits (0ms)
			SetupTypeCache (408ms)
			ReleaseScriptCaches (1ms)
			RebuildScriptCaches (65ms)
			SetupLoadedEditorAssemblies (487ms)
				LogAssemblyErrors (0ms)
				InitializePlatformSupportModulesInManaged (6ms)
				SetLoadedEditorAssemblies (0ms)
				RefreshPlugins (77ms)
				BeforeProcessingInitializeOnLoad (107ms)
				ProcessInitializeOnLoadAttributes (263ms)
				ProcessInitializeOnLoadMethodAttributes (24ms)
				AfterProcessingInitializeOnLoad (9ms)
				EditorAssembliesLoaded (0ms)
			ExecutionOrderSort2 (0ms)
			AwakeInstancesAfterBackupRestoration (9ms)
Platform modules already initialized, skipping
========================================================================
Worker process is ready to serve import requests
Launched and connected shader compiler UnityShaderCompiler.exe after 0.09 seconds
Refreshing native plugins compatible for Editor in 1.24 ms, found 3 plugins.
Preloading 0 native plugins for Editor in 0.00 ms.
Unloading 2209 Unused Serialized files (Serialized files now loaded: 0)
System memory in use before: 96.8 MB.
System memory in use after: 96.9 MB.

Unloading 28 unused Assets to reduce memory usage. Loaded Objects now: 2645.
Total: 6.528100 ms (FindLiveObjects: 0.316900 ms CreateObjectMapping: 0.163300 ms MarkObjects: 5.922200 ms  DeleteObjects: 0.123500 ms)

AssetImportParameters requested are different than current active one (requested -> active):
  custom:framework-win-MediaFoundation: 216162199b28c13a410421893ffa2e32 -> 
  custom:video-decoder-ogg-theora: a1e56fd34408186e4bbccfd4996cb3dc -> 
  custom:container-muxer-webm: aa71ff27fc2769a1b78a27578f13a17b -> 
  custom:container-demuxer-webm: 4f35f7cbe854078d1ac9338744f61a02 -> 
  custom:container-demuxer-ogg: 62fdf1f143b41e24485cea50d1cbac27 -> 
  custom:video-encoder-webm-vp8: eb34c28f22e8b96e1ab97ce403110664 -> 
  custom:video-decoder-webm-vp8: 9c59270c3fd7afecdb556c50c9e8de78 -> 
  custom:audio-decoder-ogg-vorbis: bf7c407c2cedff20999df2af8eb42d56 -> 
  custom:audio-encoder-webm-vorbis: bf7c407c2cedff20999df2af8eb42d56 -> 
========================================================================
Received Import Request.
  path: Assets/MyGraphics/Example_Graphics.png
  artifactKey: Guid(f344af4a69ff524458f22c0b7288dd49) Importer(815301076,1909f56bfc062723c751e8b465ee728b)
Start importing Assets/MyGraphics/Example_Graphics.png using Guid(f344af4a69ff524458f22c0b7288dd49) Importer(815301076,1909f56bfc062723c751e8b465ee728b)  -> (artifact id: 'ee2c46925d4a92e9179e6b159697d5a7') in 0.258766 seconds 
  Import took 0.264136 seconds .

========================================================================
Received Import Request.
  Time since last request: 422.837668 seconds.
  path: Assets/MyGraphics/Graphics_FeridFINAL.png
  artifactKey: Guid(264fd3e407ba255448d4ed880b94e485) Importer(815301076,1909f56bfc062723c751e8b465ee728b)
Start importing Assets/MyGraphics/Graphics_FeridFINAL.png using Guid(264fd3e407ba255448d4ed880b94e485) Importer(815301076,1909f56bfc062723c751e8b465ee728b)  -> (artifact id: 'f373c11137d79dd11ec82a08cd5d3fc1') in 0.024659 seconds 
  Import took 0.029489 seconds .

========================================================================
Received Import Request.
  Time since last request: 219.400403 seconds.
  path: Assets/MyGraphics/Graphics_FeridFINAL.png
  artifactKey: Guid(264fd3e407ba255448d4ed880b94e485) Importer(815301076,1909f56bfc062723c751e8b465ee728b)
Start importing Assets/MyGraphics/Graphics_FeridFINAL.png using Guid(264fd3e407ba255448d4ed880b94e485) Importer(815301076,1909f56bfc062723c751e8b465ee728b)  -> (artifact id: '481e7faf687401686096f0595397dbaa') in 0.021797 seconds 
  Import took 0.027064 seconds .

========================================================================
Received Import Request.
  Time since last request: 1.154684 seconds.
  path: Assets/MyGraphics/Adoptation.png
  artifactKey: Guid(3cbbae2729bea1845b05ee8988512d23) Importer(815301076,1909f56bfc062723c751e8b465ee728b)
Start importing Assets/MyGraphics/Adoptation.png using Guid(3cbbae2729bea1845b05ee8988512d23) Importer(815301076,1909f56bfc062723c751e8b465ee728b)  -> (artifact id: 'f2b7ac67328e6a1373b0f26ace800c76') in 0.020809 seconds 
  Import took 0.026788 seconds .

========================================================================
Received Import Request.
  Time since last request: 339.371456 seconds.
  path: Assets/MyGraphics/Aspirateur_02.png
  artifactKey: Guid(bccee26cc9cdace48a2019d6d468ad58) Importer(815301076,1909f56bfc062723c751e8b465ee728b)
Start importing Assets/MyGraphics/Aspirateur_02.png using Guid(bccee26cc9cdace48a2019d6d468ad58) Importer(815301076,1909f56bfc062723c751e8b465ee728b)  -> (artifact id: 'cd37f31e9e47f508ee830429ee65c7e7') in 0.049144 seconds 
  Import took 0.054457 seconds .

========================================================================
Received Import Request.
  Time since last request: 81.247517 seconds.
  path: Assets/MyGraphics/Conducteur.png.tmp$$
  artifactKey: Guid(086d7b136cc26df4b9de33ded327ef87) Importer(815301076,1909f56bfc062723c751e8b465ee728b)
Start importing Assets/MyGraphics/Conducteur.png.tmp$$ using Guid(086d7b136cc26df4b9de33ded327ef87) Importer(815301076,1909f56bfc062723c751e8b465ee728b) Diagnostics callstack to track who triggered the sub-import:
0x00007ff7f0703cf2 (Unity) ImporterAssetResolver::ResolveAsset
0x00007ff7f06cf312 (Unity) ResolveArtifactV2
0x00007ff7f06eecd0 (Unity) ImportToObjects
0x00007ff7f06ee0d8 (Unity) ImportAsset
0x00007ff7f064fe38 (Unity) AssetImportWorker::Import
0x00007ff7f06a31ca (Unity) <lambda_7448d646502792db0127dc89657ec83e>::operator()
0x00007ff7f07478a2 (Unity) asio::detail::completion_handler<core::mutable_function<void __cdecl(void)> >::do_complete
0x00007ff7f0749a00 (Unity) asio::detail::win_iocp_io_service::do_one
0x00007ff7f074d18e (Unity) asio::io_service::run
0x00007ff7f06d002b (Unity) RunAssetImportWorkerClientV2
0x00007ff7f06d0080 (Unity) RunAssetImporterV2
0x00007ff7efb8b046 (Unity) Application::InitializeProject
0x00007ff7f053f212 (Unity) WinMain
0x00007ff7f239def6 (Unity) __scrt_common_main_seh
0x00007ffe90647034 (KERNEL32) BaseThreadInitThunk
0x00007ffe92502651 (ntdll) RtlUserThreadStart

Requesting import of Guid(086d7b136cc26df4b9de33ded327ef87) Importer(-1,00000000000000000000000000000000), Assets/MyGraphics/Conducteur.png.tmp$$ from editor
Resuming Guid(086d7b136cc26df4b9de33ded327ef87) Importer(-1,00000000000000000000000000000000) -> 00000000000000000000000000000000 
VerifyArtifactRevisionIntegrity called with invalid artifact id
Assertion failed on expression: 'unsafeDependencies != nullptr'
Assertion failed on expression: 'unsafeDependencies != nullptr'
Assertion failed on expression: 'unsafeMetaInfo != nullptr'
Assertion failed on expression: 'safeMetaInfo != nullptr'
Assertion failed on expression: 'r.artifactID.IsValid() || r.abortImport'
Diagnostics callstack to track who triggered the sub-import:
0x00007ff7f0703cf2 (Unity) ImporterAssetResolver::ResolveAsset
0x00007ff7f06cf312 (Unity) ResolveArtifactV2
0x00007ff7f06c60d1 (Unity) ProduceArtifactV2
0x00007ff7f0614dfe (Unity) AssetDatabase::ProduceArtifact
0x00007ff7f05f9fa8 (Unity) PreviewImporter::GenerateAssetData
0x00007ff7f06ef099 (Unity) ImportToObjects
0x00007ff7f06ee0d8 (Unity) ImportAsset
0x00007ff7f064fe38 (Unity) AssetImportWorker::Import
0x00007ff7f06a31ca (Unity) <lambda_7448d646502792db0127dc89657ec83e>::operator()
0x00007ff7f07478a2 (Unity) asio::detail::completion_handler<core::mutable_function<void __cdecl(void)> >::do_complete
0x00007ff7f0749a00 (Unity) asio::detail::win_iocp_io_service::do_one
0x00007ff7f074d18e (Unity) asio::io_service::run
0x00007ff7f06d002b (Unity) RunAssetImportWorkerClientV2
0x00007ff7f06d0080 (Unity) RunAssetImporterV2
0x00007ff7efb8b046 (Unity) Application::InitializeProject
0x00007ff7f053f212 (Unity) WinMain
0x00007ff7f239def6 (Unity) __scrt_common_main_seh
0x00007ffe90647034 (KERNEL32) BaseThreadInitThunk
0x00007ffe92502651 (ntdll) RtlUserThreadStart

Sub-import of Guid(086d7b136cc26df4b9de33ded327ef87) Importer(-1,00000000000000000000000000000000), Assets/MyGraphics/Conducteur.png.tmp$$ skipped because a previous one failed already
 -> (artifact id: '00000000000000000000000000000000') in 2.448405 seconds  code(4) message(Build asset version error: assets/mygraphics/conducteur.png.tmp$$ in SourceAssetDB has modification time of '2022-02-24T18:55:12.1307102Z' while content on disk has modification time of '0001-01-01T00:00:00Z' with error code 2
Stacktrace:
0x00007ff7eeffb6fc (Unity) StackWalker::GetCurrentCallstack
0x00007ff7ef003d99 (Unity) StackWalker::ShowCallstack
0x00007ff7f0531cac (Unity) GetStacktrace
0x00007ff7f0715067 (Unity) GetAssetHashAndValidate
0x00007ff7f0710233 (Unity) AssetVersionBuilder::BuildHashOfSourceAssetArray
0x00007ff7f070e1a2 (Unity) AssetVersionBuilder::BuildAssetVersion
0x00007ff7f06e85bd (Unity) CreateAssetVersionBuilder
0x00007ff7f06ef2bd (Unity) ImportToObjects
0x00007ff7f06ee0d8 (Unity) ImportAsset
0x00007ff7f064fe38 (Unity) AssetImportWorker::Import
0x00007ff7f06a31ca (Unity) <lambda_7448d646502792db0127dc89657ec83e>::operator()
0x00007ff7f07478a2 (Unity) asio::detail::completion_handler<core::mutable_function<void __cdecl(void)> >::do_complete
0x00007ff7f0749a00 (Unity) asio::detail::win_iocp_io_service::do_one
0x00007ff7f074d18e (Unity) asio::io_service::run
0x00007ff7f06d002b (Unity) RunAssetImportWorkerClientV2
0x00007ff7f06d0080 (Unity) RunAssetImporterV2
0x00007ff7efb8b046 (Unity) Application::InitializeProject
0x00007ff7f053f212 (Unity) WinMain
0x00007ff7f239def6 (Unity) __scrt_common_main_seh
0x00007ffe90647034 (KERNEL32) BaseThreadInitThunk
0x00007ffe92502651 (ntdll) RtlUserThreadStart
)
  ERROR: Build asset version error: assets/mygraphics/conducteur.png.tmp$$ in SourceAssetDB has modification time of '2022-02-24T18:55:12.1307102Z' while content on disk has modification time of '0001-01-01T00:00:00Z' with error code 2
Stacktrace:
0x00007ff7eeffb6fc (Unity) StackWalker::GetCurrentCallstack
0x00007ff7ef003d99 (Unity) StackWalker::ShowCallstack
0x00007ff7f0531cac (Unity) GetStacktrace
0x00007ff7f0715067 (Unity) GetAssetHashAndValidate
0x00007ff7f0710233 (Unity) AssetVersionBuilder::BuildHashOfSourceAssetArray
0x00007ff7f070e1a2 (Unity) AssetVersionBuilder::BuildAssetVersion
0x00007ff7f06e85bd (Unity) CreateAssetVersionBuilder
0x00007ff7f06ef2bd (Unity) ImportToObjects
0x00007ff7f06ee0d8 (Unity) ImportAsset
0x00007ff7f064fe38 (Unity) AssetImportWorker::Import
0x00007ff7f06a31ca (Unity) <lambda_7448d646502792db0127dc89657ec83e>::operator()
0x00007ff7f07478a2 (Unity) asio::detail::completion_handler<core::mutable_function<void __cdecl(void)> >::do_complete
0x00007ff7f0749a00 (Unity) asio::detail::win_iocp_io_service::do_one
0x00007ff7f074d18e (Unity) asio::io_service::run
0x00007ff7f06d002b (Unity) RunAssetImportWorkerClientV2
0x00007ff7f06d0080 (Unity) RunAssetImporterV2
0x00007ff7efb8b046 (Unity) Application::InitializeProject
0x00007ff7f053f212 (Unity) WinMain
0x00007ff7f239def6 (Unity) __scrt_common_main_seh
0x00007ffe90647034 (KERNEL32) BaseThreadInitThunk
0x00007ffe92502651 (ntdll) RtlUserThreadStart

  Import took 2.454127 seconds .

========================================================================
Received Import Request.
  Time since last request: 46.921051 seconds.
  path: Assets/MyGraphics/Conducteur.png
  artifactKey: Guid(9152c60eb8c6d7646a87a8e12cd56081) Importer(815301076,1909f56bfc062723c751e8b465ee728b)
Start importing Assets/MyGraphics/Conducteur.png using Guid(9152c60eb8c6d7646a87a8e12cd56081) Importer(815301076,1909f56bfc062723c751e8b465ee728b)  -> (artifact id: '3b56978faa6a12a6bc70255d148a63c0') in 0.027294 seconds 
  Import took 0.032021 seconds .

========================================================================
Received Import Request.
  Time since last request: 4.753990 seconds.
  path: Assets/MyGraphics/Conducteur.png
  artifactKey: Guid(9152c60eb8c6d7646a87a8e12cd56081) Importer(815301076,1909f56bfc062723c751e8b465ee728b)
Start importing Assets/MyGraphics/Conducteur.png using Guid(9152c60eb8c6d7646a87a8e12cd56081) Importer(815301076,1909f56bfc062723c751e8b465ee728b)  -> (artifact id: '798e1e8b6f0feae55b85e7aa528b6871') in 0.025053 seconds 
  Import took 0.029949 seconds .

========================================================================
Received Import Request.
  Time since last request: 4.531401 seconds.
  path: Assets/MyGraphics/Conducteur.png
  artifactKey: Guid(9152c60eb8c6d7646a87a8e12cd56081) Importer(815301076,1909f56bfc062723c751e8b465ee728b)
Start importing Assets/MyGraphics/Conducteur.png using Guid(9152c60eb8c6d7646a87a8e12cd56081) Importer(815301076,1909f56bfc062723c751e8b465ee728b)  -> (artifact id: 'dab4bfff579b551956481f667dcb1db9') in 0.023016 seconds 
  Import took 0.027186 seconds .

========================================================================
Received Import Request.
  Time since last request: 36.360007 seconds.
  path: Assets/MyGraphics/Adoptation.png
  artifactKey: Guid(3cbbae2729bea1845b05ee8988512d23) Importer(815301076,1909f56bfc062723c751e8b465ee728b)
Start importing Assets/MyGraphics/Adoptation.png using Guid(3cbbae2729bea1845b05ee8988512d23) Importer(815301076,1909f56bfc062723c751e8b465ee728b)  -> (artifact id: '51e60d4b0580bfc56704ffdcf12af5fa') in 0.019061 seconds 
  Import took 0.025550 seconds .

========================================================================
Received Import Request.
  Time since last request: 302.006354 seconds.
  path: Assets/MyGraphics/MotCroise.png
  artifactKey: Guid(c7764431fe6a92243aa1cb3ee0a52b25) Importer(815301076,1909f56bfc062723c751e8b465ee728b)
Start importing Assets/MyGraphics/MotCroise.png using Guid(c7764431fe6a92243aa1cb3ee0a52b25) Importer(815301076,1909f56bfc062723c751e8b465ee728b)  -> (artifact id: '8a9122c94f2a567a181a552d16c76e08') in 0.022378 seconds 
  Import took 0.028331 seconds .

========================================================================
Received Import Request.
  Time since last request: 337.594131 seconds.
  path: Assets/MyGraphics/Chess_graphics.png
  artifactKey: Guid(f685afefec3a79e46a52b5e507c89d21) Importer(815301076,1909f56bfc062723c751e8b465ee728b)
Start importing Assets/MyGraphics/Chess_graphics.png using Guid(f685afefec3a79e46a52b5e507c89d21) Importer(815301076,1909f56bfc062723c751e8b465ee728b)  -> (artifact id: '14537fa332cfda5beee64d00c404183e') in 0.046965 seconds 
  Import took 0.052321 seconds .

========================================================================
Received Prepare
Registering precompiled user dll's ...
Registered in 0.004494 seconds.
Begin MonoManager ReloadAssembly
Native extension for WindowsStandalone target not found
Native extension for WebGL target not found
Refreshing native plugins compatible for Editor in 0.92 ms, found 3 plugins.
Preloading 0 native plugins for Editor in 0.00 ms.
Mono: successfully reloaded assembly
- Completed reload, in  1.337 seconds
Domain Reload Profiling:
	ReloadAssembly (1338ms)
		BeginReloadAssembly (158ms)
			ExecutionOrderSort (0ms)
			DisableScriptedObjects (9ms)
			BackupInstance (0ms)
			ReleaseScriptingObjects (0ms)
			CreateAndSetChildDomain (55ms)
		EndReloadAssembly (1097ms)
			LoadAssemblies (120ms)
			RebuildTransferFunctionScriptingTraits (0ms)
			SetupTypeCache (385ms)
			ReleaseScriptCaches (1ms)
			RebuildScriptCaches (60ms)
			SetupLoadedEditorAssemblies (394ms)
				LogAssemblyErrors (0ms)
				InitializePlatformSupportModulesInManaged (8ms)
				SetLoadedEditorAssemblies (1ms)
				RefreshPlugins (1ms)
				BeforeProcessingInitializeOnLoad (106ms)
				ProcessInitializeOnLoadAttributes (258ms)
				ProcessInitializeOnLoadMethodAttributes (14ms)
				AfterProcessingInitializeOnLoad (8ms)
				EditorAssembliesLoaded (0ms)
			ExecutionOrderSort2 (0ms)
			AwakeInstancesAfterBackupRestoration (12ms)
Platform modules already initialized, skipping
Refreshing native plugins compatible for Editor in 0.80 ms, found 3 plugins.
Preloading 0 native plugins for Editor in 0.00 ms.
Unloading 2195 Unused Serialized files (Serialized files now loaded: 0)
System memory in use before: 99.0 MB.
System memory in use after: 99.1 MB.

Unloading 17 unused Assets to reduce memory usage. Loaded Objects now: 2669.
Total: 3.607700 ms (FindLiveObjects: 0.232600 ms CreateObjectMapping: 0.084700 ms MarkObjects: 3.251800 ms  DeleteObjects: 0.036800 ms)

AssetImportParameters requested are different than current active one (requested -> active):
  custom:framework-win-MediaFoundation: 216162199b28c13a410421893ffa2e32 -> 
  custom:video-decoder-ogg-theora: a1e56fd34408186e4bbccfd4996cb3dc -> 
  custom:container-muxer-webm: aa71ff27fc2769a1b78a27578f13a17b -> 
  custom:container-demuxer-webm: 4f35f7cbe854078d1ac9338744f61a02 -> 
  custom:container-demuxer-ogg: 62fdf1f143b41e24485cea50d1cbac27 -> 
  custom:video-encoder-webm-vp8: eb34c28f22e8b96e1ab97ce403110664 -> 
  custom:video-decoder-webm-vp8: 9c59270c3fd7afecdb556c50c9e8de78 -> 
  custom:audio-decoder-ogg-vorbis: bf7c407c2cedff20999df2af8eb42d56 -> 
  custom:audio-encoder-webm-vorbis: bf7c407c2cedff20999df2af8eb42d56 -> 
========================================================================
Received Prepare
Registering precompiled user dll's ...
Registered in 0.004284 seconds.
Begin MonoManager ReloadAssembly
Native extension for WindowsStandalone target not found
Native extension for WebGL target not found
Refreshing native plugins compatible for Editor in 0.87 ms, found 3 plugins.
Preloading 0 native plugins for Editor in 0.00 ms.
Mono: successfully reloaded assembly
- Completed reload, in  1.464 seconds
Domain Reload Profiling:
	ReloadAssembly (1465ms)
		BeginReloadAssembly (151ms)
			ExecutionOrderSort (0ms)
			DisableScriptedObjects (9ms)
			BackupInstance (0ms)
			ReleaseScriptingObjects (0ms)
			CreateAndSetChildDomain (43ms)
		EndReloadAssembly (1220ms)
			LoadAssemblies (120ms)
			RebuildTransferFunctionScriptingTraits (0ms)
			SetupTypeCache (435ms)
			ReleaseScriptCaches (1ms)
			RebuildScriptCaches (64ms)
			SetupLoadedEditorAssemblies (451ms)
				LogAssemblyErrors (0ms)
				InitializePlatformSupportModulesInManaged (14ms)
				SetLoadedEditorAssemblies (1ms)
				RefreshPlugins (1ms)
				BeforeProcessingInitializeOnLoad (122ms)
				ProcessInitializeOnLoadAttributes (290ms)
				ProcessInitializeOnLoadMethodAttributes (14ms)
				AfterProcessingInitializeOnLoad (9ms)
				EditorAssembliesLoaded (0ms)
			ExecutionOrderSort2 (0ms)
			AwakeInstancesAfterBackupRestoration (12ms)
Platform modules already initialized, skipping
Refreshing native plugins compatible for Editor in 0.85 ms, found 3 plugins.
Preloading 0 native plugins for Editor in 0.00 ms.
Unloading 2195 Unused Serialized files (Serialized files now loaded: 0)
System memory in use before: 99.0 MB.
System memory in use after: 99.1 MB.

Unloading 17 unused Assets to reduce memory usage. Loaded Objects now: 2671.
Total: 3.853300 ms (FindLiveObjects: 0.304100 ms CreateObjectMapping: 0.085300 ms MarkObjects: 3.439300 ms  DeleteObjects: 0.022700 ms)

AssetImportParameters requested are different than current active one (requested -> active):
  custom:framework-win-MediaFoundation: 216162199b28c13a410421893ffa2e32 -> 
  custom:video-decoder-ogg-theora: a1e56fd34408186e4bbccfd4996cb3dc -> 
  custom:container-muxer-webm: aa71ff27fc2769a1b78a27578f13a17b -> 
  custom:container-demuxer-webm: 4f35f7cbe854078d1ac9338744f61a02 -> 
  custom:container-demuxer-ogg: 62fdf1f143b41e24485cea50d1cbac27 -> 
  custom:video-encoder-webm-vp8: eb34c28f22e8b96e1ab97ce403110664 -> 
  custom:video-decoder-webm-vp8: 9c59270c3fd7afecdb556c50c9e8de78 -> 
  custom:audio-decoder-ogg-vorbis: bf7c407c2cedff20999df2af8eb42d56 -> 
  custom:audio-encoder-webm-vorbis: bf7c407c2cedff20999df2af8eb42d56 -> 
========================================================================
Received Prepare
Registering precompiled user dll's ...
Registered in 0.005473 seconds.
Begin MonoManager ReloadAssembly
Native extension for WindowsStandalone target not found
Native extension for WebGL target not found
Refreshing native plugins compatible for Editor in 0.86 ms, found 3 plugins.
Preloading 0 native plugins for Editor in 0.00 ms.
Mono: successfully reloaded assembly
- Completed reload, in  1.496 seconds
Domain Reload Profiling:
	ReloadAssembly (1497ms)
		BeginReloadAssembly (146ms)
			ExecutionOrderSort (0ms)
			DisableScriptedObjects (8ms)
			BackupInstance (0ms)
			ReleaseScriptingObjects (0ms)
			CreateAndSetChildDomain (43ms)
		EndReloadAssembly (1265ms)
			LoadAssemblies (125ms)
			RebuildTransferFunctionScriptingTraits (0ms)
			SetupTypeCache (406ms)
			ReleaseScriptCaches (2ms)
			RebuildScriptCaches (104ms)
			SetupLoadedEditorAssemblies (448ms)
				LogAssemblyErrors (0ms)
				InitializePlatformSupportModulesInManaged (8ms)
				SetLoadedEditorAssemblies (1ms)
				RefreshPlugins (1ms)
				BeforeProcessingInitializeOnLoad (163ms)
				ProcessInitializeOnLoadAttributes (253ms)
				ProcessInitializeOnLoadMethodAttributes (13ms)
				AfterProcessingInitializeOnLoad (8ms)
				EditorAssembliesLoaded (0ms)
			ExecutionOrderSort2 (0ms)
			AwakeInstancesAfterBackupRestoration (11ms)
Platform modules already initialized, skipping
Refreshing native plugins compatible for Editor in 0.86 ms, found 3 plugins.
Preloading 0 native plugins for Editor in 0.00 ms.
Unloading 2195 Unused Serialized files (Serialized files now loaded: 0)
System memory in use before: 99.0 MB.
System memory in use after: 99.2 MB.

Unloading 17 unused Assets to reduce memory usage. Loaded Objects now: 2673.
Total: 3.785900 ms (FindLiveObjects: 0.244400 ms CreateObjectMapping: 0.086800 ms MarkObjects: 3.418400 ms  DeleteObjects: 0.034700 ms)

AssetImportParameters requested are different than current active one (requested -> active):
  custom:framework-win-MediaFoundation: 216162199b28c13a410421893ffa2e32 -> 
  custom:video-decoder-ogg-theora: a1e56fd34408186e4bbccfd4996cb3dc -> 
  custom:container-muxer-webm: aa71ff27fc2769a1b78a27578f13a17b -> 
  custom:container-demuxer-webm: 4f35f7cbe854078d1ac9338744f61a02 -> 
  custom:container-demuxer-ogg: 62fdf1f143b41e24485cea50d1cbac27 -> 
  custom:video-encoder-webm-vp8: eb34c28f22e8b96e1ab97ce403110664 -> 
  custom:video-decoder-webm-vp8: 9c59270c3fd7afecdb556c50c9e8de78 -> 
  custom:audio-decoder-ogg-vorbis: bf7c407c2cedff20999df2af8eb42d56 -> 
  custom:audio-encoder-webm-vorbis: bf7c407c2cedff20999df2af8eb42d56 -> 
========================================================================
Received Import Request.
  Time since last request: 956.289151 seconds.
  path: Assets/MyGraphics/Poker.png
  artifactKey: Guid(104fd1ee3a3007f408b4e551e88941b1) Importer(815301076,1909f56bfc062723c751e8b465ee728b)
Start importing Assets/MyGraphics/Poker.png using Guid(104fd1ee3a3007f408b4e551e88941b1) Importer(815301076,1909f56bfc062723c751e8b465ee728b)  -> (artifact id: 'e4de4c5d9767868bb9b5c05a296ccf20') in 0.077120 seconds 
  Import took 0.097722 seconds .

========================================================================
Received Import Request.
  Time since last request: 273.016303 seconds.
  path: Assets/MyGraphics/recog.png
  artifactKey: Guid(ffe2059fa9876cc4093a9742abc374a2) Importer(815301076,1909f56bfc062723c751e8b465ee728b)
Start importing Assets/MyGraphics/recog.png using Guid(ffe2059fa9876cc4093a9742abc374a2) Importer(815301076,1909f56bfc062723c751e8b465ee728b)  -> (artifact id: 'fc6793086c172bb4e7da7707c701f3cb') in 0.023970 seconds 
  Import took 0.038527 seconds .

========================================================================
Received Import Request.
  Time since last request: 235.791945 seconds.
  path: Assets/MyGraphics/PingPong.png
  artifactKey: Guid(5f6bdd9677d00b842ba9b9515ab2aff2) Importer(815301076,1909f56bfc062723c751e8b465ee728b)
Start importing Assets/MyGraphics/PingPong.png using Guid(5f6bdd9677d00b842ba9b9515ab2aff2) Importer(815301076,1909f56bfc062723c751e8b465ee728b)  -> (artifact id: '629fd17ba64d61abebb8c2bf30fad6a7') in 0.021845 seconds 
  Import took 0.054032 seconds .

========================================================================
Received Import Request.
  Time since last request: 360.935424 seconds.
  path: Assets/MyGraphics/graphics_tablet.png
  artifactKey: Guid(1b828c3aaca7f7140936a5b524361516) Importer(815301076,1909f56bfc062723c751e8b465ee728b)
Start importing Assets/MyGraphics/graphics_tablet.png using Guid(1b828c3aaca7f7140936a5b524361516) Importer(815301076,1909f56bfc062723c751e8b465ee728b)  -> (artifact id: '4da3939aa3e810217b7d3a4a7e06d924') in 0.023551 seconds 
  Import took 0.028230 seconds .

========================================================================
Received Import Request.
  Time since last request: 27.701597 seconds.
  path: Assets/MyGraphics/graphics_tablet.png
  artifactKey: Guid(1b828c3aaca7f7140936a5b524361516) Importer(815301076,1909f56bfc062723c751e8b465ee728b)
Start importing Assets/MyGraphics/graphics_tablet.png using Guid(1b828c3aaca7f7140936a5b524361516) Importer(815301076,1909f56bfc062723c751e8b465ee728b)  -> (artifact id: 'c1b4a04bb2eea1390d673ff57e8f35d1') in 0.026793 seconds 
  Import took 0.034954 seconds .

========================================================================
Received Import Request.
  Time since last request: 491.165605 seconds.
  path: Assets/MyGraphics/20180703190744-rollsafe-meme.jpeg
  artifactKey: Guid(d4b87329c70ce09499492e9f8bdc2da5) Importer(815301076,1909f56bfc062723c751e8b465ee728b)
Start importing Assets/MyGraphics/20180703190744-rollsafe-meme.jpeg using Guid(d4b87329c70ce09499492e9f8bdc2da5) Importer(815301076,1909f56bfc062723c751e8b465ee728b)  -> (artifact id: '21e55cd6fef20bb573869fce33d04bf1') in 0.045234 seconds 
  Import took 0.050091 seconds .

AssetImportWorkerClient::OnTransportError - code=2 error=End of file
